  Camera.cpp
  main.cpp
  OpenGLOperations.cpp
C:\Users\Canyon\ProgrammingProjects\Graphics\OpenGL\OpenGLSections\Lighting\Materials\Materials\main.cpp(49,52): warning C4244: 'argument': conversion from 'double' to 'float', possible loss of data
C:\Users\Canyon\ProgrammingProjects\Graphics\OpenGL\OpenGLSections\Lighting\Materials\Materials\main.cpp(49,46): warning C4244: 'argument': conversion from 'double' to 'float', possible loss of data
C:\Users\Canyon\ProgrammingProjects\Graphics\OpenGL\OpenGLSections\Lighting\Materials\Materials\main.cpp(55,53): warning C4244: 'argument': conversion from 'double' to 'float', possible loss of data
C:\Users\Canyon\ProgrammingProjects\Graphics\OpenGL\OpenGLSections\Lighting\Materials\Materials\main.cpp(55,44): warning C4244: 'argument': conversion from 'double' to 'float', possible loss of data
C:\Users\Canyon\ProgrammingProjects\Graphics\OpenGL\OpenGLSections\Lighting\Materials\Materials\main.cpp(132,28): warning C4244: 'initializing': conversion from 'double' to 'float', possible loss of data
C:\Users\Canyon\ProgrammingProjects\Graphics\OpenGL\OpenGLSections\Lighting\Materials\Materials\main.cpp(148,46): warning C4244: '=': conversion from 'double' to 'T', possible loss of data
C:\Users\Canyon\ProgrammingProjects\Graphics\OpenGL\OpenGLSections\Lighting\Materials\Materials\main.cpp(148,46): warning C4244:         with
C:\Users\Canyon\ProgrammingProjects\Graphics\OpenGL\OpenGLSections\Lighting\Materials\Materials\main.cpp(148,46): warning C4244:         [
C:\Users\Canyon\ProgrammingProjects\Graphics\OpenGL\OpenGLSections\Lighting\Materials\Materials\main.cpp(148,46): warning C4244:             T=float
C:\Users\Canyon\ProgrammingProjects\Graphics\OpenGL\OpenGLSections\Lighting\Materials\Materials\main.cpp(148,46): warning C4244:         ]
C:\Users\Canyon\ProgrammingProjects\Graphics\OpenGL\OpenGLSections\Lighting\Materials\Materials\main.cpp(149,46): warning C4244: '=': conversion from 'double' to 'T', possible loss of data
C:\Users\Canyon\ProgrammingProjects\Graphics\OpenGL\OpenGLSections\Lighting\Materials\Materials\main.cpp(149,46): warning C4244:         with
C:\Users\Canyon\ProgrammingProjects\Graphics\OpenGL\OpenGLSections\Lighting\Materials\Materials\main.cpp(149,46): warning C4244:         [
C:\Users\Canyon\ProgrammingProjects\Graphics\OpenGL\OpenGLSections\Lighting\Materials\Materials\main.cpp(149,46): warning C4244:             T=float
C:\Users\Canyon\ProgrammingProjects\Graphics\OpenGL\OpenGLSections\Lighting\Materials\Materials\main.cpp(149,46): warning C4244:         ]
C:\Users\Canyon\ProgrammingProjects\Graphics\OpenGL\OpenGLSections\Lighting\Materials\Materials\main.cpp(157,27): warning C4244: '=': conversion from 'double' to 'T', possible loss of data
C:\Users\Canyon\ProgrammingProjects\Graphics\OpenGL\OpenGLSections\Lighting\Materials\Materials\main.cpp(157,27): warning C4244:         with
C:\Users\Canyon\ProgrammingProjects\Graphics\OpenGL\OpenGLSections\Lighting\Materials\Materials\main.cpp(157,27): warning C4244:         [
C:\Users\Canyon\ProgrammingProjects\Graphics\OpenGL\OpenGLSections\Lighting\Materials\Materials\main.cpp(157,27): warning C4244:             T=float
C:\Users\Canyon\ProgrammingProjects\Graphics\OpenGL\OpenGLSections\Lighting\Materials\Materials\main.cpp(157,27): warning C4244:         ]
C:\Users\Canyon\ProgrammingProjects\Graphics\OpenGL\OpenGLSections\Lighting\Materials\Materials\main.cpp(158,27): warning C4244: '=': conversion from 'double' to 'T', possible loss of data
C:\Users\Canyon\ProgrammingProjects\Graphics\OpenGL\OpenGLSections\Lighting\Materials\Materials\main.cpp(158,27): warning C4244:         with
C:\Users\Canyon\ProgrammingProjects\Graphics\OpenGL\OpenGLSections\Lighting\Materials\Materials\main.cpp(158,27): warning C4244:         [
C:\Users\Canyon\ProgrammingProjects\Graphics\OpenGL\OpenGLSections\Lighting\Materials\Materials\main.cpp(158,27): warning C4244:             T=float
C:\Users\Canyon\ProgrammingProjects\Graphics\OpenGL\OpenGLSections\Lighting\Materials\Materials\main.cpp(158,27): warning C4244:         ]
C:\Users\Canyon\ProgrammingProjects\Graphics\OpenGL\OpenGLSections\Lighting\Materials\Materials\main.cpp(159,27): warning C4244: '=': conversion from 'double' to 'T', possible loss of data
C:\Users\Canyon\ProgrammingProjects\Graphics\OpenGL\OpenGLSections\Lighting\Materials\Materials\main.cpp(159,27): warning C4244:         with
C:\Users\Canyon\ProgrammingProjects\Graphics\OpenGL\OpenGLSections\Lighting\Materials\Materials\main.cpp(159,27): warning C4244:         [
C:\Users\Canyon\ProgrammingProjects\Graphics\OpenGL\OpenGLSections\Lighting\Materials\Materials\main.cpp(159,27): warning C4244:             T=float
C:\Users\Canyon\ProgrammingProjects\Graphics\OpenGL\OpenGLSections\Lighting\Materials\Materials\main.cpp(159,27): warning C4244:         ]
  Shader.cpp
  stb_image.cpp
  Generating Code...
  glad.c
  Materials.vcxproj -> C:\Users\Canyon\ProgrammingProjects\Graphics\OpenGL\OpenGLSections\Lighting\Materials\x64\Debug\Materials.exe
